2025-01-28 12:10:17 - INFO - Starting Immowelt Scraper...
2025-01-28 12:10:17 - DEBUG - Database will be stored at: /workspaces/ImmoCollectTrier/data/miete_trier50km.sqlite
2025-01-28 12:10:17 - INFO - Loading existing data from /workspaces/ImmoCollectTrier/data/miete_trier50km.sqlite
2025-01-28 12:10:17 - INFO - Loaded 5132 existing records
2025-01-28 12:10:17 - INFO - Starting web scraping...
2025-01-28 12:10:17 - INFO - Starting to scrape all listings...
2025-01-28 12:10:17 - INFO - Found 174 pages to scrape
2025-01-28 12:10:17 - INFO - Scraping page 1/174
2025-01-28 12:10:17 - INFO - Found 30 listings on page 1
2025-01-28 12:10:17 - INFO - Scraping page 2/174
2025-01-28 12:10:18 - INFO - Found 30 listings on page 2
2025-01-28 12:10:18 - INFO - Scraping page 3/174
2025-01-28 12:10:19 - INFO - Found 30 listings on page 3
2025-01-28 12:10:19 - INFO - Scraping page 4/174
2025-01-28 12:10:20 - INFO - Found 30 listings on page 4
2025-01-28 12:10:20 - INFO - Scraping page 5/174
2025-01-28 12:10:21 - INFO - Found 30 listings on page 5
2025-01-28 12:10:21 - INFO - Scraping page 6/174
2025-01-28 12:10:22 - INFO - Found 30 listings on page 6
2025-01-28 12:10:22 - INFO - Scraping page 7/174
2025-01-28 12:10:22 - INFO - Found 30 listings on page 7
2025-01-28 12:10:22 - INFO - Scraping page 8/174
2025-01-28 12:10:23 - INFO - Found 30 listings on page 8
2025-01-28 12:10:23 - INFO - Scraping page 9/174
2025-01-28 12:10:24 - INFO - Found 30 listings on page 9
2025-01-28 12:10:24 - INFO - Scraping page 10/174
2025-01-28 12:10:25 - INFO - Found 30 listings on page 10
2025-01-28 12:10:25 - INFO - Scraping page 11/174
2025-01-28 12:10:26 - INFO - Found 30 listings on page 11
2025-01-28 12:10:26 - INFO - Scraping page 12/174
2025-01-28 12:10:27 - INFO - Found 30 listings on page 12
2025-01-28 12:10:27 - INFO - Scraping page 13/174
2025-01-28 12:10:27 - INFO - Found 30 listings on page 13
2025-01-28 12:10:27 - INFO - Scraping page 14/174
2025-01-28 12:10:28 - INFO - Found 30 listings on page 14
2025-01-28 12:10:28 - INFO - Scraping page 15/174
2025-01-28 12:10:29 - INFO - Found 30 listings on page 15
2025-01-28 12:10:29 - INFO - Scraping page 16/174
2025-01-28 12:10:30 - INFO - Found 30 listings on page 16
2025-01-28 12:10:30 - INFO - Scraping page 17/174
2025-01-28 12:10:31 - INFO - Found 30 listings on page 17
2025-01-28 12:10:31 - INFO - Scraping page 18/174
2025-01-28 12:10:31 - INFO - Found 30 listings on page 18
2025-01-28 12:10:31 - INFO - Scraping page 19/174
2025-01-28 12:10:32 - INFO - Found 30 listings on page 19
2025-01-28 12:10:32 - INFO - Scraping page 20/174
2025-01-28 12:10:33 - INFO - Found 30 listings on page 20
2025-01-28 12:10:33 - INFO - Scraping page 21/174
2025-01-28 12:10:34 - INFO - Found 30 listings on page 21
2025-01-28 12:10:34 - INFO - Scraping page 22/174
2025-01-28 12:10:35 - INFO - Found 30 listings on page 22
2025-01-28 12:10:35 - INFO - Scraping page 23/174
2025-01-28 12:10:36 - INFO - Found 30 listings on page 23
2025-01-28 12:10:36 - INFO - Scraping page 24/174
2025-01-28 12:10:37 - INFO - Found 30 listings on page 24
2025-01-28 12:10:37 - INFO - Scraping page 25/174
2025-01-28 12:10:37 - INFO - Found 30 listings on page 25
2025-01-28 12:10:37 - INFO - Scraping page 26/174
2025-01-28 12:10:38 - INFO - Found 30 listings on page 26
2025-01-28 12:10:38 - INFO - Scraping page 27/174
2025-01-28 12:10:39 - INFO - Found 30 listings on page 27
2025-01-28 12:10:39 - INFO - Scraping page 28/174
2025-01-28 12:10:40 - INFO - Found 30 listings on page 28
2025-01-28 12:10:40 - INFO - Scraping page 29/174
2025-01-28 12:10:41 - INFO - Found 30 listings on page 29
2025-01-28 12:10:41 - INFO - Scraping page 30/174
2025-01-28 12:10:41 - INFO - Found 30 listings on page 30
2025-01-28 12:10:41 - INFO - Scraping page 31/174
2025-01-28 12:10:42 - INFO - Found 30 listings on page 31
2025-01-28 12:10:42 - INFO - Scraping page 32/174
2025-01-28 12:10:43 - INFO - Found 30 listings on page 32
2025-01-28 12:10:43 - INFO - Scraping page 33/174
2025-01-28 12:10:44 - INFO - Found 30 listings on page 33
2025-01-28 12:10:44 - INFO - Scraping page 34/174
2025-01-28 12:10:44 - INFO - Found 30 listings on page 34
2025-01-28 12:10:44 - INFO - Scraping page 35/174
2025-01-28 12:10:45 - INFO - Found 30 listings on page 35
2025-01-28 12:10:45 - INFO - Scraping page 36/174
2025-01-28 12:10:46 - INFO - Found 30 listings on page 36
2025-01-28 12:10:46 - INFO - Scraping page 37/174
2025-01-28 12:10:47 - INFO - Found 30 listings on page 37
2025-01-28 12:10:47 - INFO - Scraping page 38/174
2025-01-28 12:10:48 - INFO - Found 30 listings on page 38
2025-01-28 12:10:48 - INFO - Scraping page 39/174
2025-01-28 12:10:48 - INFO - 
Script interrupted by user
